2012-08-24 21:17:10 Error: [MissingPluginException] Plugin Mailing could not be found.
#0 /Applications/XAMPP/xamppfiles/htdocs/mailing/lib/Cake/Core/App.php(364): CakePlugin::path('Mailing')
#1 /Applications/XAMPP/xamppfiles/htdocs/mailing/lib/Cake/Core/App.php(225): App::pluginPath('Mailing')
#2 /Applications/XAMPP/xamppfiles/htdocs/mailing/lib/Cake/Core/App.php(542): App::path('View/Helper', 'Mailing')
#3 [internal function]: App::load('MailingHelper')
#4 [internal function]: spl_autoload_call('MailingHelper')
#5 /Applications/XAMPP/xamppfiles/htdocs/mailing/lib/Cake/View/HelperCollection.php(129): class_exists('MailingHelper')
#6 /Applications/XAMPP/xamppfiles/htdocs/mailing/lib/Cake/View/View.php(861): HelperCollection->load('Mailing.Mailing', Array)
#7 /Applications/XAMPP/xamppfiles/htdocs/mailing/lib/Cake/View/View.php(468): View->loadHelpers()
#8 /Applications/XAMPP/xamppfiles/htdocs/mailing/lib/Cake/Controller/Controller.php(957): View->render('home', NULL)
#9 /Applications/XAMPP/xamppfiles/htdocs/mailing/app/Controller/PagesController.php(73): Controller->render('home')
#10 [internal function]: PagesController->display('home')
#11 /Applications/XAMPP/xamppfiles/htdocs/mailing/lib/Cake/Controller/Controller.php(485): ReflectionMethod->invokeArgs(Object(PagesController), Array)
#12 /Applications/XAMPP/xamppfiles/htdocs/mailing/lib/Cake/Routing/Dispatcher.php(186): Controller->invokeAction(Object(CakeRequest))
#13 /Applications/XAMPP/xamppfiles/htdocs/mailing/lib/Cake/Routing/Dispatcher.php(161): Dispatcher->_invoke(Object(PagesController), Object(CakeRequest), Object(CakeResponse))
#14 /Applications/XAMPP/xamppfiles/htdocs/mailing/app/webroot/index.php(92): Dispatcher->dispatch(Object(CakeRequest), Object(CakeResponse))
#15 {main}
2012-08-24 21:18:54 Error: [MissingPluginException] Plugin Mailing could not be found.
#0 /Applications/XAMPP/xamppfiles/htdocs/mailing/lib/Cake/Core/App.php(364): CakePlugin::path('Mailing')
#1 /Applications/XAMPP/xamppfiles/htdocs/mailing/lib/Cake/Core/App.php(225): App::pluginPath('Mailing')
#2 /Applications/XAMPP/xamppfiles/htdocs/mailing/lib/Cake/Core/App.php(542): App::path('View/Helper', 'Mailing')
#3 [internal function]: App::load('MailingHelper')
#4 [internal function]: spl_autoload_call('MailingHelper')
#5 /Applications/XAMPP/xamppfiles/htdocs/mailing/lib/Cake/View/HelperCollection.php(129): class_exists('MailingHelper')
#6 /Applications/XAMPP/xamppfiles/htdocs/mailing/lib/Cake/View/View.php(861): HelperCollection->load('Mailing.Mailing', Array)
#7 /Applications/XAMPP/xamppfiles/htdocs/mailing/lib/Cake/View/View.php(468): View->loadHelpers()
#8 /Applications/XAMPP/xamppfiles/htdocs/mailing/lib/Cake/Controller/Controller.php(957): View->render('home', NULL)
#9 /Applications/XAMPP/xamppfiles/htdocs/mailing/app/Controller/PagesController.php(73): Controller->render('home')
#10 [internal function]: PagesController->display('home')
#11 /Applications/XAMPP/xamppfiles/htdocs/mailing/lib/Cake/Controller/Controller.php(485): ReflectionMethod->invokeArgs(Object(PagesController), Array)
#12 /Applications/XAMPP/xamppfiles/htdocs/mailing/lib/Cake/Routing/Dispatcher.php(186): Controller->invokeAction(Object(CakeRequest))
#13 /Applications/XAMPP/xamppfiles/htdocs/mailing/lib/Cake/Routing/Dispatcher.php(161): Dispatcher->_invoke(Object(PagesController), Object(CakeRequest), Object(CakeResponse))
#14 /Applications/XAMPP/xamppfiles/htdocs/mailing/app/webroot/index.php(92): Dispatcher->dispatch(Object(CakeRequest), Object(CakeResponse))
#15 {main}
2012-08-24 21:19:00 Error: [MissingPluginException] Plugin Mailing could not be found.
#0 /Applications/XAMPP/xamppfiles/htdocs/mailing/lib/Cake/Core/App.php(364): CakePlugin::path('Mailing')
#1 /Applications/XAMPP/xamppfiles/htdocs/mailing/lib/Cake/Core/App.php(225): App::pluginPath('Mailing')
#2 /Applications/XAMPP/xamppfiles/htdocs/mailing/lib/Cake/Core/App.php(542): App::path('View/Helper', 'Mailing')
#3 [internal function]: App::load('MailingHelper')
#4 [internal function]: spl_autoload_call('MailingHelper')
#5 /Applications/XAMPP/xamppfiles/htdocs/mailing/lib/Cake/View/HelperCollection.php(129): class_exists('MailingHelper')
#6 /Applications/XAMPP/xamppfiles/htdocs/mailing/lib/Cake/View/View.php(861): HelperCollection->load('Mailing.Mailing', Array)
#7 /Applications/XAMPP/xamppfiles/htdocs/mailing/lib/Cake/View/View.php(468): View->loadHelpers()
#8 /Applications/XAMPP/xamppfiles/htdocs/mailing/lib/Cake/Controller/Controller.php(957): View->render('home', NULL)
#9 /Applications/XAMPP/xamppfiles/htdocs/mailing/app/Controller/PagesController.php(73): Controller->render('home')
#10 [internal function]: PagesController->display('home')
#11 /Applications/XAMPP/xamppfiles/htdocs/mailing/lib/Cake/Controller/Controller.php(485): ReflectionMethod->invokeArgs(Object(PagesController), Array)
#12 /Applications/XAMPP/xamppfiles/htdocs/mailing/lib/Cake/Routing/Dispatcher.php(186): Controller->invokeAction(Object(CakeRequest))
#13 /Applications/XAMPP/xamppfiles/htdocs/mailing/lib/Cake/Routing/Dispatcher.php(161): Dispatcher->_invoke(Object(PagesController), Object(CakeRequest), Object(CakeResponse))
#14 /Applications/XAMPP/xamppfiles/htdocs/mailing/app/webroot/index.php(92): Dispatcher->dispatch(Object(CakeRequest), Object(CakeResponse))
#15 {main}
2012-08-24 21:19:03 Error: [MissingControllerException] Controller class MailingController could not be found.
#0 /Applications/XAMPP/xamppfiles/htdocs/mailing/app/webroot/index.php(92): Dispatcher->dispatch(Object(CakeRequest), Object(CakeResponse))
#1 {main}
2012-08-24 21:19:07 Error: [MissingControllerException] Controller class MailingController could not be found.
#0 /Applications/XAMPP/xamppfiles/htdocs/mailing/app/webroot/index.php(92): Dispatcher->dispatch(Object(CakeRequest), Object(CakeResponse))
#1 {main}
2012-08-24 21:19:09 Error: [MissingPluginException] Plugin Mailing could not be found.
#0 /Applications/XAMPP/xamppfiles/htdocs/mailing/lib/Cake/Core/App.php(364): CakePlugin::path('Mailing')
#1 /Applications/XAMPP/xamppfiles/htdocs/mailing/lib/Cake/Core/App.php(225): App::pluginPath('Mailing')
#2 /Applications/XAMPP/xamppfiles/htdocs/mailing/lib/Cake/Core/App.php(542): App::path('View/Helper', 'Mailing')
#3 [internal function]: App::load('MailingHelper')
#4 [internal function]: spl_autoload_call('MailingHelper')
#5 /Applications/XAMPP/xamppfiles/htdocs/mailing/lib/Cake/View/HelperCollection.php(129): class_exists('MailingHelper')
#6 /Applications/XAMPP/xamppfiles/htdocs/mailing/lib/Cake/View/View.php(861): HelperCollection->load('Mailing.Mailing', Array)
#7 /Applications/XAMPP/xamppfiles/htdocs/mailing/lib/Cake/View/View.php(468): View->loadHelpers()
#8 /Applications/XAMPP/xamppfiles/htdocs/mailing/lib/Cake/Controller/Controller.php(957): View->render('home', NULL)
#9 /Applications/XAMPP/xamppfiles/htdocs/mailing/app/Controller/PagesController.php(73): Controller->render('home')
#10 [internal function]: PagesController->display('home')
#11 /Applications/XAMPP/xamppfiles/htdocs/mailing/lib/Cake/Controller/Controller.php(485): ReflectionMethod->invokeArgs(Object(PagesController), Array)
#12 /Applications/XAMPP/xamppfiles/htdocs/mailing/lib/Cake/Routing/Dispatcher.php(186): Controller->invokeAction(Object(CakeRequest))
#13 /Applications/XAMPP/xamppfiles/htdocs/mailing/lib/Cake/Routing/Dispatcher.php(161): Dispatcher->_invoke(Object(PagesController), Object(CakeRequest), Object(CakeResponse))
#14 /Applications/XAMPP/xamppfiles/htdocs/mailing/app/webroot/index.php(92): Dispatcher->dispatch(Object(CakeRequest), Object(CakeResponse))
#15 {main}
2012-08-24 21:22:50 Error: [MissingPluginException] Plugin Mailing could not be found.
#0 /Applications/XAMPP/xamppfiles/htdocs/mailing/lib/Cake/Core/App.php(364): CakePlugin::path('Mailing')
#1 /Applications/XAMPP/xamppfiles/htdocs/mailing/lib/Cake/Core/App.php(225): App::pluginPath('Mailing')
#2 /Applications/XAMPP/xamppfiles/htdocs/mailing/lib/Cake/Core/App.php(542): App::path('View/Helper', 'Mailing')
#3 [internal function]: App::load('MailingHelper')
#4 [internal function]: spl_autoload_call('MailingHelper')
#5 /Applications/XAMPP/xamppfiles/htdocs/mailing/lib/Cake/View/HelperCollection.php(129): class_exists('MailingHelper')
#6 /Applications/XAMPP/xamppfiles/htdocs/mailing/lib/Cake/View/View.php(861): HelperCollection->load('Mailing.Mailing', Array)
#7 /Applications/XAMPP/xamppfiles/htdocs/mailing/lib/Cake/View/View.php(468): View->loadHelpers()
#8 /Applications/XAMPP/xamppfiles/htdocs/mailing/lib/Cake/Controller/Controller.php(957): View->render('home', NULL)
#9 /Applications/XAMPP/xamppfiles/htdocs/mailing/app/Controller/PagesController.php(73): Controller->render('home')
#10 [internal function]: PagesController->display('home')
#11 /Applications/XAMPP/xamppfiles/htdocs/mailing/lib/Cake/Controller/Controller.php(485): ReflectionMethod->invokeArgs(Object(PagesController), Array)
#12 /Applications/XAMPP/xamppfiles/htdocs/mailing/lib/Cake/Routing/Dispatcher.php(186): Controller->invokeAction(Object(CakeRequest))
#13 /Applications/XAMPP/xamppfiles/htdocs/mailing/lib/Cake/Routing/Dispatcher.php(161): Dispatcher->_invoke(Object(PagesController), Object(CakeRequest), Object(CakeResponse))
#14 /Applications/XAMPP/xamppfiles/htdocs/mailing/app/webroot/index.php(92): Dispatcher->dispatch(Object(CakeRequest), Object(CakeResponse))
#15 {main}
2012-08-24 21:22:50 Error: Fatal Error (4): syntax error, unexpected ',', expecting ')' in [/Applications/XAMPP/xamppfiles/htdocs/mailing/app/Config/database.php, line 69]
2012-08-24 21:22:50 Error: [FatalErrorException] syntax error, unexpected ',', expecting ')'
#0 /Applications/XAMPP/xamppfiles/htdocs/mailing/lib/Cake/Error/ErrorHandler.php(162): ErrorHandler::handleFatalError(4, 'syntax error, u...', '/Applications/X...', 69)
#1 [internal function]: ErrorHandler::handleError(4, 'syntax error, u...', '/Applications/X...', 69, Array)
#2 /Applications/XAMPP/xamppfiles/htdocs/mailing/lib/Cake/Core/App.php(926): call_user_func('ErrorHandler::h...', 4, 'syntax error, u...', '/Applications/X...', 69, Array)
#3 /Applications/XAMPP/xamppfiles/htdocs/mailing/lib/Cake/Core/App.php(899): App::_checkFatalError()
#4 [internal function]: App::shutdown()
#5 {main}
2012-08-24 21:23:03 Error: [MissingPluginException] Plugin Mailing could not be found.
#0 /Applications/XAMPP/xamppfiles/htdocs/mailing/lib/Cake/Core/App.php(364): CakePlugin::path('Mailing')
#1 /Applications/XAMPP/xamppfiles/htdocs/mailing/lib/Cake/Core/App.php(225): App::pluginPath('Mailing')
#2 /Applications/XAMPP/xamppfiles/htdocs/mailing/lib/Cake/Core/App.php(542): App::path('View/Helper', 'Mailing')
#3 [internal function]: App::load('MailingHelper')
#4 [internal function]: spl_autoload_call('MailingHelper')
#5 /Applications/XAMPP/xamppfiles/htdocs/mailing/lib/Cake/View/HelperCollection.php(129): class_exists('MailingHelper')
#6 /Applications/XAMPP/xamppfiles/htdocs/mailing/lib/Cake/View/View.php(861): HelperCollection->load('Mailing.Mailing', Array)
#7 /Applications/XAMPP/xamppfiles/htdocs/mailing/lib/Cake/View/View.php(468): View->loadHelpers()
#8 /Applications/XAMPP/xamppfiles/htdocs/mailing/lib/Cake/Controller/Controller.php(957): View->render('home', NULL)
#9 /Applications/XAMPP/xamppfiles/htdocs/mailing/app/Controller/PagesController.php(73): Controller->render('home')
#10 [internal function]: PagesController->display('home')
#11 /Applications/XAMPP/xamppfiles/htdocs/mailing/lib/Cake/Controller/Controller.php(485): ReflectionMethod->invokeArgs(Object(PagesController), Array)
#12 /Applications/XAMPP/xamppfiles/htdocs/mailing/lib/Cake/Routing/Dispatcher.php(186): Controller->invokeAction(Object(CakeRequest))
#13 /Applications/XAMPP/xamppfiles/htdocs/mailing/lib/Cake/Routing/Dispatcher.php(161): Dispatcher->_invoke(Object(PagesController), Object(CakeRequest), Object(CakeResponse))
#14 /Applications/XAMPP/xamppfiles/htdocs/mailing/app/webroot/index.php(92): Dispatcher->dispatch(Object(CakeRequest), Object(CakeResponse))
#15 {main}
2012-08-24 21:24:08 Error: [MissingPluginException] Plugin Mailing could not be found.
#0 /Applications/XAMPP/xamppfiles/htdocs/mailing/lib/Cake/Core/App.php(364): CakePlugin::path('Mailing')
#1 /Applications/XAMPP/xamppfiles/htdocs/mailing/lib/Cake/Core/App.php(225): App::pluginPath('Mailing')
#2 /Applications/XAMPP/xamppfiles/htdocs/mailing/lib/Cake/Core/App.php(542): App::path('View/Helper', 'Mailing')
#3 [internal function]: App::load('MailingHelper')
#4 [internal function]: spl_autoload_call('MailingHelper')
#5 /Applications/XAMPP/xamppfiles/htdocs/mailing/lib/Cake/View/HelperCollection.php(129): class_exists('MailingHelper')
#6 /Applications/XAMPP/xamppfiles/htdocs/mailing/lib/Cake/View/View.php(861): HelperCollection->load('Mailing.Mailing', Array)
#7 /Applications/XAMPP/xamppfiles/htdocs/mailing/lib/Cake/View/View.php(468): View->loadHelpers()
#8 /Applications/XAMPP/xamppfiles/htdocs/mailing/lib/Cake/Controller/Controller.php(957): View->render('home', NULL)
#9 /Applications/XAMPP/xamppfiles/htdocs/mailing/app/Controller/PagesController.php(73): Controller->render('home')
#10 [internal function]: PagesController->display('home')
#11 /Applications/XAMPP/xamppfiles/htdocs/mailing/lib/Cake/Controller/Controller.php(485): ReflectionMethod->invokeArgs(Object(PagesController), Array)
#12 /Applications/XAMPP/xamppfiles/htdocs/mailing/lib/Cake/Routing/Dispatcher.php(186): Controller->invokeAction(Object(CakeRequest))
#13 /Applications/XAMPP/xamppfiles/htdocs/mailing/lib/Cake/Routing/Dispatcher.php(161): Dispatcher->_invoke(Object(PagesController), Object(CakeRequest), Object(CakeResponse))
#14 /Applications/XAMPP/xamppfiles/htdocs/mailing/app/webroot/index.php(92): Dispatcher->dispatch(Object(CakeRequest), Object(CakeResponse))
#15 {main}
2012-08-24 21:24:42 Error: [MissingPluginException] Plugin Mailing could not be found.
#0 /Applications/XAMPP/xamppfiles/htdocs/mailing/lib/Cake/Core/App.php(364): CakePlugin::path('Mailing')
#1 /Applications/XAMPP/xamppfiles/htdocs/mailing/lib/Cake/Core/App.php(225): App::pluginPath('Mailing')
#2 /Applications/XAMPP/xamppfiles/htdocs/mailing/lib/Cake/Core/App.php(542): App::path('View/Helper', 'Mailing')
#3 [internal function]: App::load('MailingHelper')
#4 [internal function]: spl_autoload_call('MailingHelper')
#5 /Applications/XAMPP/xamppfiles/htdocs/mailing/lib/Cake/View/HelperCollection.php(129): class_exists('MailingHelper')
#6 /Applications/XAMPP/xamppfiles/htdocs/mailing/lib/Cake/View/View.php(861): HelperCollection->load('Mailing.Mailing', Array)
#7 /Applications/XAMPP/xamppfiles/htdocs/mailing/lib/Cake/View/View.php(468): View->loadHelpers()
#8 /Applications/XAMPP/xamppfiles/htdocs/mailing/lib/Cake/Controller/Controller.php(957): View->render('home', NULL)
#9 /Applications/XAMPP/xamppfiles/htdocs/mailing/app/Controller/PagesController.php(73): Controller->render('home')
#10 [internal function]: PagesController->display('home')
#11 /Applications/XAMPP/xamppfiles/htdocs/mailing/lib/Cake/Controller/Controller.php(485): ReflectionMethod->invokeArgs(Object(PagesController), Array)
#12 /Applications/XAMPP/xamppfiles/htdocs/mailing/lib/Cake/Routing/Dispatcher.php(186): Controller->invokeAction(Object(CakeRequest))
#13 /Applications/XAMPP/xamppfiles/htdocs/mailing/lib/Cake/Routing/Dispatcher.php(161): Dispatcher->_invoke(Object(PagesController), Object(CakeRequest), Object(CakeResponse))
#14 /Applications/XAMPP/xamppfiles/htdocs/mailing/app/webroot/index.php(92): Dispatcher->dispatch(Object(CakeRequest), Object(CakeResponse))
#15 {main}
2012-08-24 21:24:51 Error: [MissingPluginException] Plugin Mailing could not be found.
#0 /Applications/XAMPP/xamppfiles/htdocs/mailing/lib/Cake/Core/App.php(364): CakePlugin::path('Mailing')
#1 /Applications/XAMPP/xamppfiles/htdocs/mailing/lib/Cake/Core/App.php(225): App::pluginPath('Mailing')
#2 /Applications/XAMPP/xamppfiles/htdocs/mailing/lib/Cake/Core/App.php(542): App::path('View/Helper', 'Mailing')
#3 [internal function]: App::load('MailingHelper')
#4 [internal function]: spl_autoload_call('MailingHelper')
#5 /Applications/XAMPP/xamppfiles/htdocs/mailing/lib/Cake/View/HelperCollection.php(129): class_exists('MailingHelper')
#6 /Applications/XAMPP/xamppfiles/htdocs/mailing/lib/Cake/View/View.php(861): HelperCollection->load('Mailing.Mailing', Array)
#7 /Applications/XAMPP/xamppfiles/htdocs/mailing/lib/Cake/View/View.php(468): View->loadHelpers()
#8 /Applications/XAMPP/xamppfiles/htdocs/mailing/lib/Cake/Controller/Controller.php(957): View->render('home', NULL)
#9 /Applications/XAMPP/xamppfiles/htdocs/mailing/app/Controller/PagesController.php(73): Controller->render('home')
#10 [internal function]: PagesController->display('home')
#11 /Applications/XAMPP/xamppfiles/htdocs/mailing/lib/Cake/Controller/Controller.php(485): ReflectionMethod->invokeArgs(Object(PagesController), Array)
#12 /Applications/XAMPP/xamppfiles/htdocs/mailing/lib/Cake/Routing/Dispatcher.php(186): Controller->invokeAction(Object(CakeRequest))
#13 /Applications/XAMPP/xamppfiles/htdocs/mailing/lib/Cake/Routing/Dispatcher.php(161): Dispatcher->_invoke(Object(PagesController), Object(CakeRequest), Object(CakeResponse))
#14 /Applications/XAMPP/xamppfiles/htdocs/mailing/app/webroot/index.php(92): Dispatcher->dispatch(Object(CakeRequest), Object(CakeResponse))
#15 {main}
2012-08-24 21:26:20 Error: [MissingPluginException] Plugin easeasesa could not be found.
#0 /Applications/XAMPP/xamppfiles/htdocs/mailing/app/Config/bootstrap.php(143): CakePlugin::load('easeasesa')
#1 /Applications/XAMPP/xamppfiles/htdocs/mailing/lib/Cake/Core/Configure.php(92): include('/Applications/X...')
#2 /Applications/XAMPP/xamppfiles/htdocs/mailing/lib/Cake/bootstrap.php(142): Configure::bootstrap(true)
#3 /Applications/XAMPP/xamppfiles/htdocs/mailing/app/webroot/index.php(77): include('/Applications/X...')
#4 {main}
